# JRE version: OpenJDK Runtime Environment (8.0_152-b01) (build 1.8.0_152-release-1248-b01)
# Java VM: OpenJDK 64-Bit Server VM (25.152-b01 mixed mode linux-amd64 compressed oops)
Heap:
 PSYoungGen      total 259584K, used 20986K [0x00000000e0000000, 0x00000000f4000000, 0x0000000100000000)
  eden space 238592K, 0% used [0x00000000e0000000,0x00000000e0000000,0x00000000ee900000)
  from space 20992K, 99% used [0x00000000f2b80000,0x00000000f3ffea60,0x00000000f4000000)
  to   space 20992K, 0% used [0x00000000ee900000,0x00000000ee900000,0x00000000efd80000)
 ParOldGen       total 80896K, used 78700K [0x00000000a0000000, 0x00000000a4f00000, 0x00000000e0000000)
  object space 80896K, 97% used [0x00000000a0000000,0x00000000a4cdb180,0x00000000a4f00000)
 Metaspace       used 85878K, capacity 88888K, committed 88960K, reserved 1126400K
  class space    used 10951K, capacity 11646K, committed 11648K, reserved 1048576K
GC Heap History (10 events):
Event: 211.507 GC heap after
Heap after GC invocations=24 (full 3):
 PSYoungGen      total 182784K, used 12368K [0x00000000e0000000, 0x00000000ee000000, 0x0000000100000000)
  eden space 160256K, 0% used [0x00000000e0000000,0x00000000e0000000,0x00000000e9c80000)
  from space 22528K, 54% used [0x00000000e9c80000,0x00000000ea8940c8,0x00000000eb280000)
  to   space 22528K, 0% used [0x00000000eca00000,0x00000000eca00000,0x00000000ee000000)
 ParOldGen       total 80896K, used 54593K [0x00000000a0000000, 0x00000000a4f00000, 0x00000000e0000000)
  object space 80896K, 67% used [0x00000000a0000000,0x00000000a35505b0,0x00000000a4f00000)
 Metaspace       used 74694K, capacity 76612K, committed 76800K, reserved 1116160K
  class space    used 9650K, capacity 10156K, committed 10240K, reserved 1048576K
}
Event: 211.738 GC heap before
{Heap before GC invocations=25 (full 3):
 PSYoungGen      total 182784K, used 172454K [0x00000000e0000000, 0x00000000ee000000, 0x0000000100000000)
  eden space 160256K, 99% used [0x00000000e0000000,0x00000000e9c558d0,0x00000000e9c80000)
  from space 22528K, 54% used [0x00000000e9c80000,0x00000000ea8940c8,0x00000000eb280000)
  to   space 22528K, 0% used [0x00000000eca00000,0x00000000eca00000,0x00000000ee000000)
 ParOldGen       total 80896K, used 54593K [0x00000000a0000000, 0x00000000a4f00000, 0x00000000e0000000)
  object space 80896K, 67% used [0x00000000a0000000,0x00000000a35505b0,0x00000000a4f00000)
 Metaspace       used 74700K, capacity 76676K, committed 76800K, reserved 1116160K
  class space    used 9650K, capacity 10156K, committed 10240K, reserved 1048576K
Event: 211.826 GC heap after
Heap after GC invocations=25 (full 3):
 PSYoungGen      total 207872K, used 9945K [0x00000000e0000000, 0x00000000ef900000, 0x0000000100000000)
  eden space 185344K, 0% used [0x00000000e0000000,0x00000000e0000000,0x00000000eb500000)
  from space 22528K, 44% used [0x00000000eca00000,0x00000000ed3b66e0,0x00000000ee000000)
  to   space 21504K, 0% used [0x00000000eb500000,0x00000000eb500000,0x00000000eca00000)
 ParOldGen       total 80896K, used 54601K [0x00000000a0000000, 0x00000000a4f00000, 0x00000000e0000000)
  object space 80896K, 67% used [0x00000000a0000000,0x00000000a35525b0,0x00000000a4f00000)
 Metaspace       used 74700K, capacity 76676K, committed 76800K, reserved 1116160K
  class space    used 9650K, capacity 10156K, committed 10240K, reserved 1048576K
}
Event: 216.972 GC heap before
{Heap before GC invocations=26 (full 3):
 PSYoungGen      total 207872K, used 195289K [0x00000000e0000000, 0x00000000ef900000, 0x0000000100000000)
  eden space 185344K, 100% used [0x00000000e0000000,0x00000000eb500000,0x00000000eb500000)
  from space 22528K, 44% used [0x00000000eca00000,0x00000000ed3b66e0,0x00000000ee000000)
  to   space 21504K, 0% used [0x00000000eb500000,0x00000000eb500000,0x00000000eca00000)
 ParOldGen       total 80896K, used 54601K [0x00000000a0000000, 0x00000000a4f00000, 0x00000000e0000000)
  object space 80896K, 67% used [0x00000000a0000000,0x00000000a35525b0,0x00000000a4f00000)
 Metaspace       used 75270K, capacity 77398K, committed 77696K, reserved 1116160K
  class space    used 9730K, capacity 10287K, committed 10368K, reserved 1048576K
Event: 217.098 GC heap after
Heap after GC invocations=26 (full 3):
 PSYoungGen      total 206848K, used 3132K [0x00000000e0000000, 0x00000000f1680000, 0x0000000100000000)
  eden space 185344K, 0% used [0x00000000e0000000,0x00000000e0000000,0x00000000eb500000)
  from space 21504K, 14% used [0x00000000eb500000,0x00000000eb80f3f0,0x00000000eca00000)
  to   space 21504K, 0% used [0x00000000f0180000,0x00000000f0180000,0x00000000f1680000)
 ParOldGen       total 80896K, used 63340K [0x00000000a0000000, 0x00000000a4f00000, 0x00000000e0000000)
  object space 80896K, 78% used [0x00000000a0000000,0x00000000a3ddb348,0x00000000a4f00000)
 Metaspace       used 75270K, capacity 77398K, committed 77696K, reserved 1116160K
  class space    used 9730K, capacity 10287K, committed 10368K, reserved 1048576K
}
Event: 224.576 GC heap before
{Heap before GC invocations=27 (full 3):
 PSYoungGen      total 206848K, used 188476K [0x00000000e0000000, 0x00000000f1680000, 0x0000000100000000)
  eden space 185344K, 100% used [0x00000000e0000000,0x00000000eb500000,0x00000000eb500000)
  from space 21504K, 14% used [0x00000000eb500000,0x00000000eb80f3f0,0x00000000eca00000)
  to   space 21504K, 0% used [0x00000000f0180000,0x00000000f0180000,0x00000000f1680000)
 ParOldGen       total 80896K, used 63348K [0x00000000a0000000, 0x00000000a4f00000, 0x00000000e0000000)
  object space 80896K, 78% used [0x00000000a0000000,0x00000000a3ddd358,0x00000000a4f00000)
 Metaspace       used 76479K, capacity 78738K, committed 78848K, reserved 1118208K
  class space    used 9854K, capacity 10411K, committed 10496K, reserved 1048576K
Event: 224.623 GC heap after
Heap after GC invocations=27 (full 3):
 PSYoungGen      total 255488K, used 3535K [0x00000000e0000000, 0x00000000f1200000, 0x0000000100000000)
  eden space 238592K, 0% used [0x00000000e0000000,0x00000000e0000000,0x00000000ee900000)
  from space 16896K, 20% used [0x00000000f0180000,0x00000000f04f3c30,0x00000000f1200000)
  to   space 20992K, 0% used [0x00000000ee900000,0x00000000ee900000,0x00000000efd80000)
 ParOldGen       total 80896K, used 64044K [0x00000000a0000000, 0x00000000a4f00000, 0x00000000e0000000)
  object space 80896K, 79% used [0x00000000a0000000,0x00000000a3e8b398,0x00000000a4f00000)
 Metaspace       used 76479K, capacity 78738K, committed 78848K, reserved 1118208K
  class space    used 9854K, capacity 10411K, committed 10496K, reserved 1048576K
}
Event: 242.502 GC heap before
{Heap before GC invocations=28 (full 3):
 PSYoungGen      total 255488K, used 242127K [0x00000000e0000000, 0x00000000f1200000, 0x0000000100000000)
  eden space 238592K, 100% used [0x00000000e0000000,0x00000000ee900000,0x00000000ee900000)
  from space 16896K, 20% used [0x00000000f0180000,0x00000000f04f3c30,0x00000000f1200000)
  to   space 20992K, 0% used [0x00000000ee900000,0x00000000ee900000,0x00000000efd80000)
 ParOldGen       total 80896K, used 64047K [0x00000000a0000000, 0x00000000a4f00000, 0x00000000e0000000)
  object space 80896K, 79% used [0x00000000a0000000,0x00000000a3e8be58,0x00000000a4f00000)
 Metaspace       used 85305K, capacity 88232K, committed 88448K, reserved 1126400K
  class space    used 10923K, capacity 11610K, committed 11648K, reserved 1048576K
Event: 242.578 GC heap after
Heap after GC invocations=28 (full 3):
 PSYoungGen      total 259584K, used 11772K [0x00000000e0000000, 0x00000000f4000000, 0x0000000100000000)
  eden space 238592K, 0% used [0x00000000e0000000,0x00000000e0000000,0x00000000ee900000)
  from space 20992K, 56% used [0x00000000ee900000,0x00000000ef47f1c0,0x00000000efd80000)
  to   space 20992K, 0% used [0x00000000f2b80000,0x00000000f2b80000,0x00000000f4000000)
 ParOldGen       total 80896K, used 64822K [0x00000000a0000000, 0x00000000a4f00000, 0x00000000e0000000)
  object space 80896K, 80% used [0x00000000a0000000,0x00000000a3f4dbc0,0x00000000a4f00000)
 Metaspace       used 85305K, capacity 88232K, committed 88448K, reserved 1126400K
  class space    used 10923K, capacity 11610K, committed 11648K, reserved 1048576K
}
Event: 252.730 GC heap before
{Heap before GC invocations=29 (full 3):
 PSYoungGen      total 259584K, used 250364K [0x00000000e0000000, 0x00000000f4000000, 0x0000000100000000)
  eden space 238592K, 100% used [0x00000000e0000000,0x00000000ee900000,0x00000000ee900000)
  from space 20992K, 56% used [0x00000000ee900000,0x00000000ef47f1c0,0x00000000efd80000)
  to   space 20992K, 0% used [0x00000000f2b80000,0x00000000f2b80000,0x00000000f4000000)
 ParOldGen       total 80896K, used 64822K [0x00000000a0000000, 0x00000000a4f00000, 0x00000000e0000000)
  object space 80896K, 80% used [0x00000000a0000000,0x00000000a3f4dbc0,0x00000000a4f00000)
 Metaspace       used 85878K, capacity 88888K, committed 88960K, reserved 1126400K
  class space    used 10951K, capacity 11646K, committed 11648K, reserved 1048576K

