# JRE version: OpenJDK Runtime Environment (8.0_152-b01) (build 1.8.0_152-release-1248-b01)
# Java VM: OpenJDK 64-Bit Server VM (25.152-b01 mixed mode linux-amd64 compressed oops)
Heap:
 PSYoungGen      total 287744K, used 0K [0x00000000e0000000, 0x00000000f3480000, 0x0000000100000000)
  eden space 261632K, 0% used [0x00000000e0000000,0x00000000e0000000,0x00000000eff80000)
  from space 26112K, 0% used [0x00000000f1a80000,0x00000000f1a80000,0x00000000f3400000)
  to   space 27136K, 0% used [0x00000000eff80000,0x00000000eff80000,0x00000000f1a00000)
 ParOldGen       total 83456K, used 57553K [0x00000000a0000000, 0x00000000a5180000, 0x00000000e0000000)
  object space 83456K, 68% used [0x00000000a0000000,0x00000000a38345b0,0x00000000a5180000)
 Metaspace       used 94061K, capacity 97790K, committed 98496K, reserved 1134592K
  class space    used 11865K, capacity 12667K, committed 12800K, reserved 1048576K
GC Heap History (10 events):
Event: 1759.045 GC heap after
Heap after GC invocations=25 (full 3):
 PSYoungGen      total 219136K, used 6655K [0x00000000e0000000, 0x00000000f0f00000, 0x0000000100000000)
  eden space 212480K, 0% used [0x00000000e0000000,0x00000000e0000000,0x00000000ecf80000)
  from space 6656K, 99% used [0x00000000f0880000,0x00000000f0effdd0,0x00000000f0f00000)
  to   space 27648K, 0% used [0x00000000ed900000,0x00000000ed900000,0x00000000ef400000)
 ParOldGen       total 83456K, used 61347K [0x00000000a0000000, 0x00000000a5180000, 0x00000000e0000000)
  object space 83456K, 73% used [0x00000000a0000000,0x00000000a3be8ef8,0x00000000a5180000)
 Metaspace       used 86310K, capacity 89842K, committed 90072K, reserved 1128448K
  class space    used 10949K, capacity 11745K, committed 11776K, reserved 1048576K
}
Event: 1781.307 GC heap before
{Heap before GC invocations=26 (full 3):
 PSYoungGen      total 219136K, used 218699K [0x00000000e0000000, 0x00000000f0f00000, 0x0000000100000000)
  eden space 212480K, 99% used [0x00000000e0000000,0x00000000ecf12fa8,0x00000000ecf80000)
  from space 6656K, 99% used [0x00000000f0880000,0x00000000f0effdd0,0x00000000f0f00000)
  to   space 27648K, 0% used [0x00000000ed900000,0x00000000ed900000,0x00000000ef400000)
 ParOldGen       total 83456K, used 61347K [0x00000000a0000000, 0x00000000a5180000, 0x00000000e0000000)
  object space 83456K, 73% used [0x00000000a0000000,0x00000000a3be8ef8,0x00000000a5180000)
 Metaspace       used 88288K, capacity 91888K, committed 92120K, reserved 1130496K
  class space    used 11164K, capacity 11954K, committed 12032K, reserved 1048576K
Event: 1781.463 GC heap after
Heap after GC invocations=26 (full 3):
 PSYoungGen      total 220160K, used 16377K [0x00000000e0000000, 0x00000000f0900000, 0x0000000100000000)
  eden space 203776K, 0% used [0x00000000e0000000,0x00000000e0000000,0x00000000ec700000)
  from space 16384K, 99% used [0x00000000ed900000,0x00000000ee8fe528,0x00000000ee900000)
  to   space 27648K, 0% used [0x00000000eee00000,0x00000000eee00000,0x00000000f0900000)
 ParOldGen       total 83456K, used 61674K [0x00000000a0000000, 0x00000000a5180000, 0x00000000e0000000)
  object space 83456K, 73% used [0x00000000a0000000,0x00000000a3c3aaa8,0x00000000a5180000)
 Metaspace       used 88288K, capacity 91888K, committed 92120K, reserved 1130496K
  class space    used 11164K, capacity 11954K, committed 12032K, reserved 1048576K
}
Event: 1781.745 GC heap before
{Heap before GC invocations=27 (full 3):
 PSYoungGen      total 220160K, used 219757K [0x00000000e0000000, 0x00000000f0900000, 0x0000000100000000)
  eden space 203776K, 99% used [0x00000000e0000000,0x00000000ec69d0a8,0x00000000ec700000)
  from space 16384K, 99% used [0x00000000ed900000,0x00000000ee8fe528,0x00000000ee900000)
  to   space 27648K, 0% used [0x00000000eee00000,0x00000000eee00000,0x00000000f0900000)
 ParOldGen       total 83456K, used 61674K [0x00000000a0000000, 0x00000000a5180000, 0x00000000e0000000)
  object space 83456K, 73% used [0x00000000a0000000,0x00000000a3c3aaa8,0x00000000a5180000)
 Metaspace       used 88298K, capacity 91888K, committed 92120K, reserved 1130496K
  class space    used 11164K, capacity 11954K, committed 12032K, reserved 1048576K
Event: 1781.846 GC heap after
Heap after GC invocations=27 (full 3):
 PSYoungGen      total 244736K, used 14302K [0x00000000e0000000, 0x00000000f3700000, 0x0000000100000000)
  eden space 217088K, 0% used [0x00000000e0000000,0x00000000e0000000,0x00000000ed400000)
  from space 27648K, 51% used [0x00000000eee00000,0x00000000efbf7b28,0x00000000f0900000)
  to   space 26624K, 0% used [0x00000000ed400000,0x00000000ed400000,0x00000000eee00000)
 ParOldGen       total 83456K, used 61682K [0x00000000a0000000, 0x00000000a5180000, 0x00000000e0000000)
  object space 83456K, 73% used [0x00000000a0000000,0x00000000a3c3caa8,0x00000000a5180000)
 Metaspace       used 88298K, capacity 91888K, committed 92120K, reserved 1130496K
  class space    used 11164K, capacity 11954K, committed 12032K, reserved 1048576K
}
Event: 1792.778 GC heap before
{Heap before GC invocations=28 (full 3):
 PSYoungGen      total 244736K, used 231239K [0x00000000e0000000, 0x00000000f3700000, 0x0000000100000000)
  eden space 217088K, 99% used [0x00000000e0000000,0x00000000ed3da100,0x00000000ed400000)
  from space 27648K, 51% used [0x00000000eee00000,0x00000000efbf7b28,0x00000000f0900000)
  to   space 26624K, 0% used [0x00000000ed400000,0x00000000ed400000,0x00000000eee00000)
 ParOldGen       total 83456K, used 61682K [0x00000000a0000000, 0x00000000a5180000, 0x00000000e0000000)
  object space 83456K, 73% used [0x00000000a0000000,0x00000000a3c3caa8,0x00000000a5180000)
 Metaspace       used 89051K, capacity 92828K, committed 93016K, reserved 1130496K
  class space    used 11273K, capacity 12082K, committed 12160K, reserved 1048576K
Event: 1792.907 GC heap after
Heap after GC invocations=28 (full 3):
 PSYoungGen      total 243712K, used 15740K [0x00000000e0000000, 0x00000000f3400000, 0x0000000100000000)
  eden space 217088K, 0% used [0x00000000e0000000,0x00000000e0000000,0x00000000ed400000)
  from space 26624K, 59% used [0x00000000ed400000,0x00000000ee35f128,0x00000000eee00000)
  to   space 26112K, 0% used [0x00000000f1a80000,0x00000000f1a80000,0x00000000f3400000)
 ParOldGen       total 83456K, used 62090K [0x00000000a0000000, 0x00000000a5180000, 0x00000000e0000000)
  object space 83456K, 74% used [0x00000000a0000000,0x00000000a3ca2aa8,0x00000000a5180000)
 Metaspace       used 89051K, capacity 92828K, committed 93016K, reserved 1130496K
  class space    used 11273K, capacity 12082K, committed 12160K, reserved 1048576K
}
Event: 1804.495 GC heap before
{Heap before GC invocations=29 (full 3):
 PSYoungGen      total 243712K, used 125545K [0x00000000e0000000, 0x00000000f3400000, 0x0000000100000000)
  eden space 217088K, 50% used [0x00000000e0000000,0x00000000e6b3b440,0x00000000ed400000)
  from space 26624K, 59% used [0x00000000ed400000,0x00000000ee35f128,0x00000000eee00000)
  to   space 26112K, 0% used [0x00000000f1a80000,0x00000000f1a80000,0x00000000f3400000)
 ParOldGen       total 83456K, used 62090K [0x00000000a0000000, 0x00000000a5180000, 0x00000000e0000000)
  object space 83456K, 74% used [0x00000000a0000000,0x00000000a3ca2aa8,0x00000000a5180000)
 Metaspace       used 94345K, capacity 98432K, committed 98496K, reserved 1134592K
  class space    used 11929K, capacity 12772K, committed 12800K, reserved 1048576K
Event: 1804.862 GC heap after
Heap after GC invocations=29 (full 3):
 PSYoungGen      total 287744K, used 19546K [0x00000000e0000000, 0x00000000f3480000, 0x0000000100000000)
  eden space 261632K, 0% used [0x00000000e0000000,0x00000000e0000000,0x00000000eff80000)
  from space 26112K, 74% used [0x00000000f1a80000,0x00000000f2d96a78,0x00000000f3400000)
  to   space 27136K, 0% used [0x00000000eff80000,0x00000000eff80000,0x00000000f1a00000)
 ParOldGen       total 83456K, used 65016K [0x00000000a0000000, 0x00000000a5180000, 0x00000000e0000000)
  object space 83456K, 77% used [0x00000000a0000000,0x00000000a3f7e0f0,0x00000000a5180000)
 Metaspace       used 94345K, capacity 98432K, committed 98496K, reserved 1134592K
  class space    used 11929K, capacity 12772K, committed 12800K, reserved 1048576K
}
Event: 1804.877 GC heap before
{Heap before GC invocations=30 (full 4):
 PSYoungGen      total 287744K, used 19546K [0x00000000e0000000, 0x00000000f3480000, 0x0000000100000000)
  eden space 261632K, 0% used [0x00000000e0000000,0x00000000e0000000,0x00000000eff80000)
  from space 26112K, 74% used [0x00000000f1a80000,0x00000000f2d96a78,0x00000000f3400000)
  to   space 27136K, 0% used [0x00000000eff80000,0x00000000eff80000,0x00000000f1a00000)
 ParOldGen       total 83456K, used 65016K [0x00000000a0000000, 0x00000000a5180000, 0x00000000e0000000)
  object space 83456K, 77% used [0x00000000a0000000,0x00000000a3f7e0f0,0x00000000a5180000)
 Metaspace       used 94345K, capacity 98432K, committed 98496K, reserved 1134592K
  class space    used 11929K, capacity 12772K, committed 12800K, reserved 1048576K

