# JRE version: OpenJDK Runtime Environment (8.0_152-b01) (build 1.8.0_152-release-1248-b01)
# Java VM: OpenJDK 64-Bit Server VM (25.152-b01 mixed mode linux-amd64 compressed oops)
Heap:
 PSYoungGen      total 279040K, used 29686K [0x00000000e0000000, 0x00000000f4f00000, 0x0000000100000000)
  eden space 249344K, 0% used [0x00000000e0000000,0x00000000e0000000,0x00000000ef380000)
  from space 29696K, 99% used [0x00000000f3200000,0x00000000f4efdac0,0x00000000f4f00000)
  to   space 12800K, 0% used [0x00000000ef380000,0x00000000ef380000,0x00000000f0000000)
 ParOldGen       total 146432K, used 116525K [0x00000000a0000000, 0x00000000a8f00000, 0x00000000e0000000)
  object space 146432K, 79% used [0x00000000a0000000,0x00000000a71cb4b8,0x00000000a8f00000)
 Metaspace       used 70764K, capacity 73192K, committed 73392K, reserved 1112064K
  class space    used 9379K, capacity 9894K, committed 9904K, reserved 1048576K
GC Heap History (10 events):
Event: 167.331 GC heap after
Heap after GC invocations=25 (full 3):
 PSYoungGen      total 233472K, used 2786K [0x00000000e0000000, 0x00000000ef380000, 0x0000000100000000)
  eden space 221696K, 0% used [0x00000000e0000000,0x00000000e0000000,0x00000000ed880000)
  from space 11776K, 23% used [0x00000000ee800000,0x00000000eeab88d0,0x00000000ef380000)
  to   space 13824K, 0% used [0x00000000ed880000,0x00000000ed880000,0x00000000ee600000)
 ParOldGen       total 73728K, used 43469K [0x00000000a0000000, 0x00000000a4800000, 0x00000000e0000000)
  object space 73728K, 58% used [0x00000000a0000000,0x00000000a2a73790,0x00000000a4800000)
 Metaspace       used 69674K, capacity 72006K, committed 72112K, reserved 1112064K
  class space    used 9301K, capacity 9807K, committed 9904K, reserved 1048576K
}
Event: 176.580 GC heap before
{Heap before GC invocations=26 (full 3):
 PSYoungGen      total 233472K, used 224482K [0x00000000e0000000, 0x00000000ef380000, 0x0000000100000000)
  eden space 221696K, 100% used [0x00000000e0000000,0x00000000ed880000,0x00000000ed880000)
  from space 11776K, 23% used [0x00000000ee800000,0x00000000eeab88d0,0x00000000ef380000)
  to   space 13824K, 0% used [0x00000000ed880000,0x00000000ed880000,0x00000000ee600000)
 ParOldGen       total 73728K, used 43469K [0x00000000a0000000, 0x00000000a4800000, 0x00000000e0000000)
  object space 73728K, 58% used [0x00000000a0000000,0x00000000a2a73790,0x00000000a4800000)
 Metaspace       used 69836K, capacity 72266K, committed 72368K, reserved 1112064K
  class space    used 9309K, capacity 9843K, committed 9904K, reserved 1048576K
Event: 176.601 GC heap after
Heap after GC invocations=26 (full 3):
 PSYoungGen      total 235520K, used 1961K [0x00000000e0000000, 0x00000000f0d80000, 0x0000000100000000)
  eden space 221696K, 0% used [0x00000000e0000000,0x00000000e0000000,0x00000000ed880000)
  from space 13824K, 14% used [0x00000000ed880000,0x00000000eda6a458,0x00000000ee600000)
  to   space 13824K, 0% used [0x00000000f0000000,0x00000000f0000000,0x00000000f0d80000)
 ParOldGen       total 73728K, used 43477K [0x00000000a0000000, 0x00000000a4800000, 0x00000000e0000000)
  object space 73728K, 58% used [0x00000000a0000000,0x00000000a2a75790,0x00000000a4800000)
 Metaspace       used 69836K, capacity 72266K, committed 72368K, reserved 1112064K
  class space    used 9309K, capacity 9843K, committed 9904K, reserved 1048576K
}
Event: 185.897 GC heap before
{Heap before GC invocations=27 (full 3):
 PSYoungGen      total 235520K, used 223657K [0x00000000e0000000, 0x00000000f0d80000, 0x0000000100000000)
  eden space 221696K, 100% used [0x00000000e0000000,0x00000000ed880000,0x00000000ed880000)
  from space 13824K, 14% used [0x00000000ed880000,0x00000000eda6a458,0x00000000ee600000)
  to   space 13824K, 0% used [0x00000000f0000000,0x00000000f0000000,0x00000000f0d80000)
 ParOldGen       total 73728K, used 43477K [0x00000000a0000000, 0x00000000a4800000, 0x00000000e0000000)
  object space 73728K, 58% used [0x00000000a0000000,0x00000000a2a75790,0x00000000a4800000)
 Metaspace       used 69929K, capacity 72270K, committed 72368K, reserved 1112064K
  class space    used 9309K, capacity 9843K, committed 9904K, reserved 1048576K
Event: 186.018 GC heap after
Heap after GC invocations=27 (full 3):
 PSYoungGen      total 263168K, used 5118K [0x00000000e0000000, 0x00000000f0d80000, 0x0000000100000000)
  eden space 249344K, 0% used [0x00000000e0000000,0x00000000e0000000,0x00000000ef380000)
  from space 13824K, 37% used [0x00000000f0000000,0x00000000f04ffbf8,0x00000000f0d80000)
  to   space 12800K, 0% used [0x00000000ef380000,0x00000000ef380000,0x00000000f0000000)
 ParOldGen       total 73728K, used 43485K [0x00000000a0000000, 0x00000000a4800000, 0x00000000e0000000)
  object space 73728K, 58% used [0x00000000a0000000,0x00000000a2a77790,0x00000000a4800000)
 Metaspace       used 69929K, capacity 72270K, committed 72368K, reserved 1112064K
  class space    used 9309K, capacity 9843K, committed 9904K, reserved 1048576K
}
Event: 201.708 GC heap before
{Heap before GC invocations=28 (full 3):
 PSYoungGen      total 263168K, used 254462K [0x00000000e0000000, 0x00000000f0d80000, 0x0000000100000000)
  eden space 249344K, 100% used [0x00000000e0000000,0x00000000ef380000,0x00000000ef380000)
  from space 13824K, 37% used [0x00000000f0000000,0x00000000f04ffbf8,0x00000000f0d80000)
  to   space 12800K, 0% used [0x00000000ef380000,0x00000000ef380000,0x00000000f0000000)
 ParOldGen       total 73728K, used 43485K [0x00000000a0000000, 0x00000000a4800000, 0x00000000e0000000)
  object space 73728K, 58% used [0x00000000a0000000,0x00000000a2a77790,0x00000000a4800000)
 Metaspace       used 70728K, capacity 73162K, committed 73392K, reserved 1112064K
  class space    used 9383K, capacity 9903K, committed 9904K, reserved 1048576K
Event: 202.369 GC heap after
Heap after GC invocations=28 (full 3):
 PSYoungGen      total 262144K, used 12768K [0x00000000e0000000, 0x00000000f4f00000, 0x0000000100000000)
  eden space 249344K, 0% used [0x00000000e0000000,0x00000000e0000000,0x00000000ef380000)
  from space 12800K, 99% used [0x00000000ef380000,0x00000000efff8180,0x00000000f0000000)
  to   space 29696K, 0% used [0x00000000f3200000,0x00000000f3200000,0x00000000f4f00000)
 ParOldGen       total 83968K, used 83493K [0x00000000a0000000, 0x00000000a5200000, 0x00000000e0000000)
  object space 83968K, 99% used [0x00000000a0000000,0x00000000a5189678,0x00000000a5200000)
 Metaspace       used 70728K, capacity 73162K, committed 73392K, reserved 1112064K
  class space    used 9383K, capacity 9903K, committed 9904K, reserved 1048576K
}
Event: 202.369 GC heap before
{Heap before GC invocations=29 (full 4):
 PSYoungGen      total 262144K, used 12768K [0x00000000e0000000, 0x00000000f4f00000, 0x0000000100000000)
  eden space 249344K, 0% used [0x00000000e0000000,0x00000000e0000000,0x00000000ef380000)
  from space 12800K, 99% used [0x00000000ef380000,0x00000000efff8180,0x00000000f0000000)
  to   space 29696K, 0% used [0x00000000f3200000,0x00000000f3200000,0x00000000f4f00000)
 ParOldGen       total 83968K, used 83493K [0x00000000a0000000, 0x00000000a5200000, 0x00000000e0000000)
  object space 83968K, 99% used [0x00000000a0000000,0x00000000a5189678,0x00000000a5200000)
 Metaspace       used 70728K, capacity 73162K, committed 73392K, reserved 1112064K
  class space    used 9383K, capacity 9903K, committed 9904K, reserved 1048576K
Event: 205.782 GC heap after
Heap after GC invocations=29 (full 4):
 PSYoungGen      total 262144K, used 7642K [0x00000000e0000000, 0x00000000f4f00000, 0x0000000100000000)
  eden space 249344K, 0% used [0x00000000e0000000,0x00000000e0000000,0x00000000ef380000)
  from space 12800K, 59% used [0x00000000ef380000,0x00000000efaf6ab8,0x00000000f0000000)
  to   space 29696K, 0% used [0x00000000f3200000,0x00000000f3200000,0x00000000f4f00000)
 ParOldGen       total 146432K, used 83693K [0x00000000a0000000, 0x00000000a8f00000, 0x00000000e0000000)
  object space 146432K, 57% used [0x00000000a0000000,0x00000000a51bb7f0,0x00000000a8f00000)
 Metaspace       used 70707K, capacity 73114K, committed 73392K, reserved 1112064K
  class space    used 9375K, capacity 9889K, committed 9904K, reserved 1048576K
}
Event: 215.077 GC heap before
{Heap before GC invocations=30 (full 4):
 PSYoungGen      total 262144K, used 256986K [0x00000000e0000000, 0x00000000f4f00000, 0x0000000100000000)
  eden space 249344K, 100% used [0x00000000e0000000,0x00000000ef380000,0x00000000ef380000)
  from space 12800K, 59% used [0x00000000ef380000,0x00000000efaf6ab8,0x00000000f0000000)
  to   space 29696K, 0% used [0x00000000f3200000,0x00000000f3200000,0x00000000f4f00000)
 ParOldGen       total 146432K, used 83693K [0x00000000a0000000, 0x00000000a8f00000, 0x00000000e0000000)
  object space 146432K, 57% used [0x00000000a0000000,0x00000000a51bb7f0,0x00000000a8f00000)
 Metaspace       used 70764K, capacity 73192K, committed 73392K, reserved 1112064K
  class space    used 9379K, capacity 9894K, committed 9904K, reserved 1048576K

