# JRE version: OpenJDK Runtime Environment (8.0_152-b01) (build 1.8.0_152-release-1248-b01)
# Java VM: OpenJDK 64-Bit Server VM (25.152-b01 mixed mode linux-amd64 compressed oops)
Heap:
 PSYoungGen      total 328704K, used 11554K [0x00000000e0000000, 0x00000000f5b00000, 0x0000000100000000)
  eden space 302080K, 0% used [0x00000000e0000000,0x00000000e0000000,0x00000000f2700000)
  from space 26624K, 43% used [0x00000000f2700000,0x00000000f3248bf8,0x00000000f4100000)
  to   space 23552K, 0% used [0x00000000f4400000,0x00000000f4400000,0x00000000f5b00000)
 ParOldGen       total 80384K, used 46659K [0x00000000a0000000, 0x00000000a4e80000, 0x00000000e0000000)
  object space 80384K, 58% used [0x00000000a0000000,0x00000000a2d90cf8,0x00000000a4e80000)
 Metaspace       used 85573K, capacity 88524K, committed 88704K, reserved 1126400K
  class space    used 10928K, capacity 11594K, committed 11648K, reserved 1048576K
GC Heap History (10 events):
Event: 120.221 GC heap after
Heap after GC invocations=17 (full 3):
 PSYoungGen      total 241152K, used 19926K [0x00000000e0000000, 0x00000000f1580000, 0x0000000100000000)
  eden space 221184K, 0% used [0x00000000e0000000,0x00000000e0000000,0x00000000ed800000)
  from space 19968K, 99% used [0x00000000f0200000,0x00000000f1575830,0x00000000f1580000)
  to   space 24064K, 0% used [0x00000000ee680000,0x00000000ee680000,0x00000000efe00000)
 ParOldGen       total 80384K, used 33244K [0x00000000a0000000, 0x00000000a4e80000, 0x00000000e0000000)
  object space 80384K, 41% used [0x00000000a0000000,0x00000000a2077390,0x00000000a4e80000)
 Metaspace       used 63362K, capacity 65090K, committed 65280K, reserved 1105920K
  class space    used 8396K, capacity 8845K, committed 8960K, reserved 1048576K
}
Event: 154.667 GC heap before
{Heap before GC invocations=18 (full 3):
 PSYoungGen      total 241152K, used 241110K [0x00000000e0000000, 0x00000000f1580000, 0x0000000100000000)
  eden space 221184K, 100% used [0x00000000e0000000,0x00000000ed800000,0x00000000ed800000)
  from space 19968K, 99% used [0x00000000f0200000,0x00000000f1575830,0x00000000f1580000)
  to   space 24064K, 0% used [0x00000000ee680000,0x00000000ee680000,0x00000000efe00000)
 ParOldGen       total 80384K, used 33244K [0x00000000a0000000, 0x00000000a4e80000, 0x00000000e0000000)
  object space 80384K, 41% used [0x00000000a0000000,0x00000000a2077390,0x00000000a4e80000)
 Metaspace       used 71796K, capacity 73608K, committed 73856K, reserved 1114112K
  class space    used 9341K, capacity 9840K, committed 9856K, reserved 1048576K
Event: 154.809 GC heap after
Heap after GC invocations=18 (full 3):
 PSYoungGen      total 260096K, used 24054K [0x00000000e0000000, 0x00000000f3d00000, 0x0000000100000000)
  eden space 236032K, 0% used [0x00000000e0000000,0x00000000e0000000,0x00000000ee680000)
  from space 24064K, 99% used [0x00000000ee680000,0x00000000efdfd9a0,0x00000000efe00000)
  to   space 28672K, 0% used [0x00000000f2100000,0x00000000f2100000,0x00000000f3d00000)
 ParOldGen       total 80384K, used 34770K [0x00000000a0000000, 0x00000000a4e80000, 0x00000000e0000000)
  object space 80384K, 43% used [0x00000000a0000000,0x00000000a21f4a00,0x00000000a4e80000)
 Metaspace       used 71796K, capacity 73608K, committed 73856K, reserved 1114112K
  class space    used 9341K, capacity 9840K, committed 9856K, reserved 1048576K
}
Event: 166.813 GC heap before
{Heap before GC invocations=19 (full 3):
 PSYoungGen      total 260096K, used 259668K [0x00000000e0000000, 0x00000000f3d00000, 0x0000000100000000)
  eden space 236032K, 99% used [0x00000000e0000000,0x00000000ee617928,0x00000000ee680000)
  from space 24064K, 99% used [0x00000000ee680000,0x00000000efdfd9a0,0x00000000efe00000)
  to   space 28672K, 0% used [0x00000000f2100000,0x00000000f2100000,0x00000000f3d00000)
 ParOldGen       total 80384K, used 34770K [0x00000000a0000000, 0x00000000a4e80000, 0x00000000e0000000)
  object space 80384K, 43% used [0x00000000a0000000,0x00000000a21f4a00,0x00000000a4e80000)
 Metaspace       used 74622K, capacity 76556K, committed 76800K, reserved 1116160K
  class space    used 9650K, capacity 10154K, committed 10240K, reserved 1048576K
Event: 166.944 GC heap after
Heap after GC invocations=19 (full 3):
 PSYoungGen      total 296960K, used 6028K [0x00000000e0000000, 0x00000000f4d00000, 0x0000000100000000)
  eden space 268288K, 0% used [0x00000000e0000000,0x00000000e0000000,0x00000000f0600000)
  from space 28672K, 21% used [0x00000000f2100000,0x00000000f26e33d0,0x00000000f3d00000)
  to   space 27648K, 0% used [0x00000000f0600000,0x00000000f0600000,0x00000000f2100000)
 ParOldGen       total 80384K, used 46635K [0x00000000a0000000, 0x00000000a4e80000, 0x00000000e0000000)
  object space 80384K, 58% used [0x00000000a0000000,0x00000000a2d8acf8,0x00000000a4e80000)
 Metaspace       used 74622K, capacity 76556K, committed 76800K, reserved 1116160K
  class space    used 9650K, capacity 10154K, committed 10240K, reserved 1048576K
}
Event: 171.269 GC heap before
{Heap before GC invocations=20 (full 3):
 PSYoungGen      total 296960K, used 274316K [0x00000000e0000000, 0x00000000f4d00000, 0x0000000100000000)
  eden space 268288K, 100% used [0x00000000e0000000,0x00000000f0600000,0x00000000f0600000)
  from space 28672K, 21% used [0x00000000f2100000,0x00000000f26e33d0,0x00000000f3d00000)
  to   space 27648K, 0% used [0x00000000f0600000,0x00000000f0600000,0x00000000f2100000)
 ParOldGen       total 80384K, used 46635K [0x00000000a0000000, 0x00000000a4e80000, 0x00000000e0000000)
  object space 80384K, 58% used [0x00000000a0000000,0x00000000a2d8acf8,0x00000000a4e80000)
 Metaspace       used 75175K, capacity 77272K, committed 77440K, reserved 1116160K
  class space    used 9731K, capacity 10284K, committed 10368K, reserved 1048576K
Event: 171.306 GC heap after
Heap after GC invocations=20 (full 3):
 PSYoungGen      total 295936K, used 5132K [0x00000000e0000000, 0x00000000f5e00000, 0x0000000100000000)
  eden space 268288K, 0% used [0x00000000e0000000,0x00000000e0000000,0x00000000f0600000)
  from space 27648K, 18% used [0x00000000f0600000,0x00000000f0b03218,0x00000000f2100000)
  to   space 26624K, 0% used [0x00000000f4400000,0x00000000f4400000,0x00000000f5e00000)
 ParOldGen       total 80384K, used 46643K [0x00000000a0000000, 0x00000000a4e80000, 0x00000000e0000000)
  object space 80384K, 58% used [0x00000000a0000000,0x00000000a2d8ccf8,0x00000000a4e80000)
 Metaspace       used 75175K, capacity 77272K, committed 77440K, reserved 1116160K
  class space    used 9731K, capacity 10284K, committed 10368K, reserved 1048576K
}
Event: 189.747 GC heap before
{Heap before GC invocations=21 (full 3):
 PSYoungGen      total 295936K, used 273272K [0x00000000e0000000, 0x00000000f5e00000, 0x0000000100000000)
  eden space 268288K, 99% used [0x00000000e0000000,0x00000000f05dafd0,0x00000000f0600000)
  from space 27648K, 18% used [0x00000000f0600000,0x00000000f0b03218,0x00000000f2100000)
  to   space 26624K, 0% used [0x00000000f4400000,0x00000000f4400000,0x00000000f5e00000)
 ParOldGen       total 80384K, used 46643K [0x00000000a0000000, 0x00000000a4e80000, 0x00000000e0000000)
  object space 80384K, 58% used [0x00000000a0000000,0x00000000a2d8ccf8,0x00000000a4e80000)
 Metaspace       used 83083K, capacity 85954K, committed 86272K, reserved 1124352K
  class space    used 10724K, capacity 11397K, committed 11520K, reserved 1048576K
Event: 189.926 GC heap after
Heap after GC invocations=21 (full 3):
 PSYoungGen      total 325632K, used 14339K [0x00000000e0000000, 0x00000000f5b00000, 0x0000000100000000)
  eden space 302080K, 0% used [0x00000000e0000000,0x00000000e0000000,0x00000000f2700000)
  from space 23552K, 60% used [0x00000000f4400000,0x00000000f5200de0,0x00000000f5b00000)
  to   space 26624K, 0% used [0x00000000f2700000,0x00000000f2700000,0x00000000f4100000)
 ParOldGen       total 80384K, used 46651K [0x00000000a0000000, 0x00000000a4e80000, 0x00000000e0000000)
  object space 80384K, 58% used [0x00000000a0000000,0x00000000a2d8ecf8,0x00000000a4e80000)
 Metaspace       used 83083K, capacity 85954K, committed 86272K, reserved 1124352K
  class space    used 10724K, capacity 11397K, committed 11520K, reserved 1048576K
}
Event: 207.464 GC heap before
{Heap before GC invocations=22 (full 3):
 PSYoungGen      total 325632K, used 316419K [0x00000000e0000000, 0x00000000f5b00000, 0x0000000100000000)
  eden space 302080K, 100% used [0x00000000e0000000,0x00000000f2700000,0x00000000f2700000)
  from space 23552K, 60% used [0x00000000f4400000,0x00000000f5200de0,0x00000000f5b00000)
  to   space 26624K, 0% used [0x00000000f2700000,0x00000000f2700000,0x00000000f4100000)
 ParOldGen       total 80384K, used 46651K [0x00000000a0000000, 0x00000000a4e80000, 0x00000000e0000000)
  object space 80384K, 58% used [0x00000000a0000000,0x00000000a2d8ecf8,0x00000000a4e80000)
 Metaspace       used 85573K, capacity 88524K, committed 88704K, reserved 1126400K
  class space    used 10928K, capacity 11594K, committed 11648K, reserved 1048576K

